Log file open, 05/08/19 09:49:09
LogWindows: Failed to load 'aqProf.dll' (GetLastError=126)
LogWindows: File 'aqProf.dll' does not exist
LogWindows: Failed to load 'VtuneApi.dll' (GetLastError=126)
LogWindows: File 'VtuneApi.dll' does not exist
LogWindows: Failed to load 'VtuneApi32e.dll' (GetLastError=126)
LogWindows: File 'VtuneApi32e.dll' does not exist
LogInit: Display: Running engine for game: Scorching_Cold_Mini
LogPlatformFile: Not using cached read wrapper
LogInit: Display: RandInit(2121362739) SRandInit(2121362739).
LogInit: Read version file with build ID '3944462'
LogInit: Overriding engine version to CL 4033788, compatible CL 3944462
LogInit: Registered custom module enumerator with build ID '3944462'
LogTaskGraph: Started task graph with 5 named threads and 23 total threads with 3 sets of task threads.
LogStats: Stats thread started at 0.259579
LogD3D11RHI: Aftermath initialized
LogICUInternationalization: Display: ICU TimeZone Detection - Raw Offset: +12:00, Platform Override: ''
LogPluginManager: Mounting plugin Paper2D
LogPluginManager: Mounting plugin LiveLink
LogPluginManager: Mounting plugin LightPropagationVolume
LogPluginManager: Mounting plugin CLionSourceCodeAccess
LogPluginManager: Mounting plugin CodeLiteSourceCodeAccess
LogPluginManager: Mounting plugin GitSourceControl
LogPluginManager: Mounting plugin KDevelopSourceCodeAccess
LogPluginManager: Mounting plugin NullSourceCodeAccess
LogPluginManager: Mounting plugin PerforceSourceControl
LogPluginManager: Mounting plugin SubversionSourceControl
LogPluginManager: Mounting plugin UObjectPlugin
LogPluginManager: Mounting plugin VisualStudioCodeSourceCodeAccess
LogPluginManager: Mounting plugin VisualStudioSourceCodeAccess
LogPluginManager: Mounting plugin XCodeSourceCodeAccess
LogPluginManager: Mounting plugin AssetManagerEditor
LogPluginManager: Mounting plugin CryptoKeys
LogPluginManager: Mounting plugin DataValidation
LogPluginManager: Mounting plugin FacialAnimation
LogPluginManager: Mounting plugin GameplayTagsEditor
LogPluginManager: Mounting plugin MobileLauncherProfileWizard
LogPluginManager: Mounting plugin PluginBrowser
LogPluginManager: Mounting plugin SpeedTreeImporter
LogPluginManager: Mounting plugin DatasmithContent
LogPluginManager: Mounting plugin AlembicImporter
LogPluginManager: Mounting plugin CharacterAI
LogPluginManager: Mounting plugin HTML5Networking
LogPluginManager: Mounting plugin AndroidMedia
LogPluginManager: Mounting plugin AvfMedia
LogPluginManager: Mounting plugin ImgMedia
LogPluginManager: Mounting plugin LinearTimecode
LogPluginManager: Mounting plugin MediaCompositing
LogPluginManager: Mounting plugin MediaPlayerEditor
LogPluginManager: Mounting plugin WmfMedia
LogPluginManager: Mounting plugin TcpMessaging
LogPluginManager: Mounting plugin UdpMessaging
LogPluginManager: Mounting plugin ActorSequence
LogPluginManager: Mounting plugin LevelSequenceEditor
LogPluginManager: Mounting plugin MatineeToLevelSequence
LogPluginManager: Mounting plugin NetcodeUnitTest
LogPluginManager: Mounting plugin NUTUnrealEngine4
LogPluginManager: Mounting plugin OnlineSubsystemGooglePlay
LogPluginManager: Mounting plugin OnlineSubsystemIOS
LogPluginManager: Mounting plugin OnlineSubsystem
LogPluginManager: Mounting plugin OnlineSubsystemNull
LogPluginManager: Mounting plugin OnlineSubsystemUtils
LogPluginManager: Mounting plugin AndroidDeviceProfileSelector
LogPluginManager: Mounting plugin AndroidMoviePlayer
LogPluginManager: Mounting plugin AndroidPermission
LogPluginManager: Mounting plugin AppleARKit
LogPluginManager: Mounting plugin AppleMoviePlayer
LogPluginManager: Mounting plugin ArchVisCharacter
LogPluginManager: Mounting plugin AudioCapture
LogPluginManager: Mounting plugin CableComponent
LogPluginManager: Mounting plugin CustomMeshComponent
LogPluginManager: Mounting plugin ExampleDeviceProfileSelector
LogPluginManager: Mounting plugin GoogleCloudMessaging
LogPluginManager: Mounting plugin ImmediatePhysics
LogPluginManager: Mounting plugin IOSDeviceProfileSelector
LogPluginManager: Mounting plugin LinuxDeviceProfileSelector
LogPluginManager: Mounting plugin LocationServicesBPLibrary
LogPluginManager: Mounting plugin MobilePatchingUtils
LogPluginManager: Mounting plugin OculusVR
LogPluginManager: Plugin shader directory ../../../Engine/Plugins/Runtime/Oculus/OculusVR/Shaders found
LogPluginManager: Mapping shader source directory ../../../Engine/Plugins/Runtime/Oculus/OculusVR/Shaders to virtual directory /Plugin/OculusVR
LogPluginManager: Mounting plugin PhysXVehicles
LogPluginManager: Mounting plugin ProceduralMeshComponent
LogPluginManager: Mounting plugin RuntimePhysXCooking
LogPluginManager: Mounting plugin SteamVR
LogPluginManager: Mounting plugin WindowsMoviePlayer
LogStreaming: Display: Took  1.102s to configure plugins.
LogModuleManager: Display: Found up-to-date module file H:/GitHub/ScorchingNoMoarWarmPuns/Scorching_Cold_Mini/Binaries/Win64/UE4Editor-Scorching_Cold_Mini.dll (API version 3944462).
LogModuleManager: Display: Found up-to-date module file ../../../Engine/Plugins/2D/Paper2D/Binaries/Win64/UE4Editor-Paper2D.dll (API version 3944462).
LogModuleManager: Display: Found up-to-date module file ../../../Engine/Plugins/2D/Paper2D/Binaries/Win64/UE4Editor-Paper2DEditor.dll (API version 3944462).
LogModuleManager: Display: Found up-to-date module file ../../../Engine/Plugins/2D/Paper2D/Binaries/Win64/UE4Editor-PaperSpriteSheetImporter.dll (API version 3944462).
LogModuleManager: Display: Found up-to-date module file ../../../Engine/Plugins/2D/Paper2D/Binaries/Win64/UE4Editor-PaperTiledImporter.dll (API version 3944462).
LogModuleManager: Display: Found up-to-date module file ../../../Engine/Plugins/2D/Paper2D/Binaries/Win64/UE4Editor-SmartSnapping.dll (API version 3944462).
LogModuleManager: Display: Found up-to-date module file ../../../Engine/Plugins/Animation/LiveLink/Binaries/Win64/UE4Editor-LiveLink.dll (API version 3944462).
LogModuleManager: Display: Found up-to-date module file ../../../Engine/Plugins/Animation/LiveLink/Binaries/Win64/UE4Editor-LiveLinkEditor.dll (API version 3944462).
LogModuleManager: Display: Found up-to-date module file ../../../Engine/Plugins/Blendables/LightPropagationVolume/Binaries/Win64/UE4Editor-LightPropagationVolumeRuntime.dll (API version 3944462).
LogModuleManager: Display: Found up-to-date module file ../../../Engine/Plugins/Blendables/LightPropagationVolume/Binaries/Win64/UE4Editor-LightPropagationVolumeEditor.dll (API version 3944462).
LogModuleManager: Display: Found up-to-date module file ../../../Engine/Plugins/Developer/CLionSourceCodeAccess/Binaries/Win64/UE4Editor-CLionSourceCodeAccess.dll (API version 3944462).
LogModuleManager: Display: Found up-to-date module file ../../../Engine/Plugins/Developer/GitSourceControl/Binaries/Win64/UE4Editor-GitSourceControl.dll (API version 3944462).
LogModuleManager: Display: Found up-to-date module file ../../../Engine/Plugins/Developer/PerforceSourceControl/Binaries/Win64/UE4Editor-PerforceSourceControl.dll (API version 3944462).
LogModuleManager: Display: Found up-to-date module file ../../../Engine/Plugins/Developer/SubversionSourceControl/Binaries/Win64/UE4Editor-SubversionSourceControl.dll (API version 3944462).
LogModuleManager: Display: Found up-to-date module file ../../../Engine/Plugins/Developer/UObjectPlugin/Binaries/Win64/UE4Editor-UObjectPlugin.dll (API version 3944462).
LogModuleManager: Display: Found up-to-date module file ../../../Engine/Plugins/Developer/VisualStudioCodeSourceCodeAccess/Binaries/Win64/UE4Editor-VisualStudioCodeSourceCodeAccess.dll (API version 3944462).
LogModuleManager: Display: Found up-to-date module file ../../../Engine/Plugins/Developer/VisualStudioSourceCodeAccess/Binaries/Win64/UE4Editor-VisualStudioSourceCodeAccess.dll (API version 3944462).
LogModuleManager: Display: Found up-to-date module file ../../../Engine/Plugins/Editor/AssetManagerEditor/Binaries/Win64/UE4Editor-AssetManagerEditor.dll (API version 3944462).
LogModuleManager: Display: Found up-to-date module file ../../../Engine/Plugins/Editor/CryptoKeys/Binaries/Win64/UE4Editor-CryptoKeys.dll (API version 3944462).
LogModuleManager: Display: Found up-to-date module file ../../../Engine/Plugins/Editor/CryptoKeys/Binaries/Win64/UE4Editor-CryptoKeysOpenSSL.dll (API version 3944462).
LogModuleManager: Display: Found up-to-date module file ../../../Engine/Plugins/Editor/DataValidation/Binaries/Win64/UE4Editor-DataValidation.dll (API version 3944462).
LogModuleManager: Display: Found up-to-date module file ../../../Engine/Plugins/Editor/FacialAnimation/Binaries/Win64/UE4Editor-FacialAnimation.dll (API version 3944462).
LogModuleManager: Display: Found up-to-date module file ../../../Engine/Plugins/Editor/FacialAnimation/Binaries/Win64/UE4Editor-FacialAnimationEditor.dll (API version 3944462).
LogModuleManager: Display: Found up-to-date module file ../../../Engine/Plugins/Editor/GameplayTagsEditor/Binaries/Win64/UE4Editor-GameplayTagsEditor.dll (API version 3944462).
LogModuleManager: Display: Found up-to-date module file ../../../Engine/Plugins/Editor/MobileLauncherProfileWizard/Binaries/Win64/UE4Editor-MobileLauncherProfileWizard.dll (API version 3944462).
LogModuleManager: Display: Found up-to-date module file ../../../Engine/Plugins/Editor/PluginBrowser/Binaries/Win64/UE4Editor-PluginBrowser.dll (API version 3944462).
LogModuleManager: Display: Found up-to-date module file ../../../Engine/Plugins/Editor/SpeedTreeImporter/Binaries/Win64/UE4Editor-SpeedTreeImporter.dll (API version 3944462).
LogModuleManager: Display: Found up-to-date module file ../../../Engine/Plugins/Enterprise/DatasmithContent/Binaries/Win64/UE4Editor-DatasmithContent.dll (API version 3944462).
LogModuleManager: Display: Found up-to-date module file ../../../Engine/Plugins/Experimental/AlembicImporter/Binaries/Win64/UE4Editor-AlembicImporter.dll (API version 3944462).
LogModuleManager: Display: Found up-to-date module file ../../../Engine/Plugins/Experimental/AlembicImporter/Binaries/Win64/UE4Editor-AlembicLibrary.dll (API version 3944462).
LogModuleManager: Display: Found up-to-date module file ../../../Engine/Plugins/Experimental/CharacterAI/Binaries/Win64/UE4Editor-CharacterAI.dll (API version 3944462).
LogModuleManager: Display: Found up-to-date module file ../../../Engine/Plugins/Experimental/HTML5Networking/Binaries/Win64/UE4Editor-HTML5Networking.dll (API version 3944462).
LogModuleManager: Display: Found up-to-date module file ../../../Engine/Plugins/Media/AndroidMedia/Binaries/Win64/UE4Editor-AndroidMediaEditor.dll (API version 3944462).
LogModuleManager: Display: Found up-to-date module file ../../../Engine/Plugins/Media/AndroidMedia/Binaries/Win64/UE4Editor-AndroidMediaFactory.dll (API version 3944462).
LogModuleManager: Display: Found up-to-date module file ../../../Engine/Plugins/Media/AvfMedia/Binaries/Win64/UE4Editor-AvfMediaEditor.dll (API version 3944462).
LogModuleManager: Display: Found up-to-date module file ../../../Engine/Plugins/Media/AvfMedia/Binaries/Win64/UE4Editor-AvfMediaFactory.dll (API version 3944462).
LogModuleManager: Display: Found up-to-date module file ../../../Engine/Plugins/Media/AvfMedia/Binaries/Win64/UE4Editor-AvfMediaFactory.dll (API version 3944462).
LogModuleManager: Display: Found up-to-date module file ../../../Engine/Plugins/Media/ImgMedia/Binaries/Win64/UE4Editor-ImgMedia.dll (API version 3944462).
LogModuleManager: Display: Found up-to-date module file ../../../Engine/Plugins/Media/ImgMedia/Binaries/Win64/UE4Editor-ImgMediaEditor.dll (API version 3944462).
LogModuleManager: Display: Found up-to-date module file ../../../Engine/Plugins/Media/ImgMedia/Binaries/Win64/UE4Editor-ImgMediaFactory.dll (API version 3944462).
LogModuleManager: Display: Found up-to-date module file ../../../Engine/Plugins/Media/ImgMedia/Binaries/Win64/UE4Editor-ImgMediaFactory.dll (API version 3944462).
LogModuleManager: Display: Found up-to-date module file ../../../Engine/Plugins/Media/ImgMedia/Binaries/Win64/UE4Editor-OpenExrWrapper.dll (API version 3944462).
LogModuleManager: Display: Found up-to-date module file ../../../Engine/Plugins/Media/LinearTimecode/Binaries/Win64/UE4Editor-LinearTimecode.dll (API version 3944462).
LogModuleManager: Display: Found up-to-date module file ../../../Engine/Plugins/Media/MediaCompositing/Binaries/Win64/UE4Editor-MediaCompositing.dll (API version 3944462).
LogModuleManager: Display: Found up-to-date module file ../../../Engine/Plugins/Media/MediaCompositing/Binaries/Win64/UE4Editor-MediaCompositingEditor.dll (API version 3944462).
LogModuleManager: Display: Found up-to-date module file ../../../Engine/Plugins/Media/MediaPlayerEditor/Binaries/Win64/UE4Editor-MediaPlayerEditor.dll (API version 3944462).
LogModuleManager: Display: Found up-to-date module file ../../../Engine/Plugins/Media/WmfMedia/Binaries/Win64/UE4Editor-WmfMedia.dll (API version 3944462).
LogModuleManager: Display: Found up-to-date module file ../../../Engine/Plugins/Media/WmfMedia/Binaries/Win64/UE4Editor-WmfMediaEditor.dll (API version 3944462).
LogModuleManager: Display: Found up-to-date module file ../../../Engine/Plugins/Media/WmfMedia/Binaries/Win64/UE4Editor-WmfMediaFactory.dll (API version 3944462).
LogModuleManager: Display: Found up-to-date module file ../../../Engine/Plugins/Media/WmfMedia/Binaries/Win64/UE4Editor-WmfMediaFactory.dll (API version 3944462).
LogModuleManager: Display: Found up-to-date module file ../../../Engine/Plugins/Messaging/TcpMessaging/Binaries/Win64/UE4Editor-TcpMessaging.dll (API version 3944462).
LogModuleManager: Display: Found up-to-date module file ../../../Engine/Plugins/Messaging/UdpMessaging/Binaries/Win64/UE4Editor-UdpMessaging.dll (API version 3944462).
LogModuleManager: Display: Found up-to-date module file ../../../Engine/Plugins/MovieScene/ActorSequence/Binaries/Win64/UE4Editor-ActorSequence.dll (API version 3944462).
LogModuleManager: Display: Found up-to-date module file ../../../Engine/Plugins/MovieScene/LevelSequenceEditor/Binaries/Win64/UE4Editor-LevelSequenceEditor.dll (API version 3944462).
LogModuleManager: Display: Found up-to-date module file ../../../Engine/Plugins/MovieScene/MatineeToLevelSequence/Binaries/Win64/UE4Editor-MatineeToLevelSequence.dll (API version 3944462).
LogModuleManager: Display: Found up-to-date module file ../../../Engine/Plugins/NetcodeUnitTest/NetcodeUnitTest/Binaries/Win64/UE4Editor-NetcodeUnitTest.dll (API version 3944462).
LogModuleManager: Display: Found up-to-date module file ../../../Engine/Plugins/NetcodeUnitTest/NUTUnrealEngine4/Binaries/Win64/UE4Editor-NUTUnrealEngine4.dll (API version 3944462).
LogModuleManager: Display: Found up-to-date module file ../../../Engine/Plugins/Online/OnlineSubsystem/Binaries/Win64/UE4Editor-OnlineSubsystem.dll (API version 3944462).
LogModuleManager: Display: Found up-to-date module file ../../../Engine/Plugins/Online/OnlineSubsystemNull/Binaries/Win64/UE4Editor-OnlineSubsystemNull.dll (API version 3944462).
LogModuleManager: Display: Found up-to-date module file ../../../Engine/Plugins/Online/OnlineSubsystemUtils/Binaries/Win64/UE4Editor-OnlineSubsystemUtils.dll (API version 3944462).
LogModuleManager: Display: Found up-to-date module file ../../../Engine/Plugins/Online/OnlineSubsystemUtils/Binaries/Win64/UE4Editor-OnlineBlueprintSupport.dll (API version 3944462).
LogModuleManager: Display: Found up-to-date module file ../../../Engine/Plugins/Runtime/AndroidDeviceProfileSelector/Binaries/Win64/UE4Editor-AndroidDeviceProfileSelector.dll (API version 3944462).
LogModuleManager: Display: Found up-to-date module file ../../../Engine/Plugins/Runtime/AndroidPermission/Binaries/Win64/UE4Editor-AndroidPermission.dll (API version 3944462).
LogModuleManager: Display: Found up-to-date module file ../../../Engine/Plugins/Runtime/AppleARKit/Binaries/Win64/UE4Editor-AppleARKit.dll (API version 3944462).
LogModuleManager: Display: Found up-to-date module file ../../../Engine/Plugins/Runtime/ArchVisCharacter/Binaries/Win64/UE4Editor-ArchVisCharacter.dll (API version 3944462).
LogModuleManager: Display: Found up-to-date module file ../../../Engine/Plugins/Runtime/AudioCapture/Binaries/Win64/UE4Editor-AudioCapture.dll (API version 3944462).
LogModuleManager: Display: Found up-to-date module file ../../../Engine/Plugins/Runtime/AudioCapture/Binaries/Win64/UE4Editor-AudioCaptureEditor.dll (API version 3944462).
LogModuleManager: Display: Found up-to-date module file ../../../Engine/Plugins/Runtime/CableComponent/Binaries/Win64/UE4Editor-CableComponent.dll (API version 3944462).
LogModuleManager: Display: Found up-to-date module file ../../../Engine/Plugins/Runtime/CustomMeshComponent/Binaries/Win64/UE4Editor-CustomMeshComponent.dll (API version 3944462).
LogModuleManager: Display: Found up-to-date module file ../../../Engine/Plugins/Runtime/ExampleDeviceProfileSelector/Binaries/Win64/UE4Editor-ExampleDeviceProfileSelector.dll (API version 3944462).
LogModuleManager: Display: Found up-to-date module file ../../../Engine/Plugins/Runtime/ImmediatePhysics/Binaries/Win64/UE4Editor-ImmediatePhysics.dll (API version 3944462).
LogModuleManager: Display: Found up-to-date module file ../../../Engine/Plugins/Runtime/ImmediatePhysics/Binaries/Win64/UE4Editor-ImmediatePhysicsEditor.dll (API version 3944462).
LogModuleManager: Display: Found up-to-date module file ../../../Engine/Plugins/Runtime/LocationServicesBPLibrary/Binaries/Win64/UE4Editor-LocationServicesBPLibrary.dll (API version 3944462).
LogModuleManager: Display: Found up-to-date module file ../../../Engine/Plugins/Runtime/MobilePatchingUtils/Binaries/Win64/UE4Editor-MobilePatchingUtils.dll (API version 3944462).
LogModuleManager: Display: Found up-to-date module file ../../../Engine/Plugins/Runtime/Oculus/OculusVR/Binaries/Win64/UE4Editor-OculusHMD.dll (API version 3944462).
LogModuleManager: Display: Found up-to-date module file ../../../Engine/Plugins/Runtime/Oculus/OculusVR/Binaries/Win64/UE4Editor-OculusInput.dll (API version 3944462).
LogModuleManager: Display: Found up-to-date module file ../../../Engine/Plugins/Runtime/Oculus/OculusVR/Binaries/Win64/UE4Editor-OculusEditor.dll (API version 3944462).
LogModuleManager: Display: Found up-to-date module file ../../../Engine/Plugins/Runtime/PhysXVehicles/Binaries/Win64/UE4Editor-PhysXVehicles.dll (API version 3944462).
LogModuleManager: Display: Found up-to-date module file ../../../Engine/Plugins/Runtime/PhysXVehicles/Binaries/Win64/UE4Editor-PhysXVehiclesEditor.dll (API version 3944462).
LogModuleManager: Display: Found up-to-date module file ../../../Engine/Plugins/Runtime/ProceduralMeshComponent/Binaries/Win64/UE4Editor-ProceduralMeshComponent.dll (API version 3944462).
LogModuleManager: Display: Found up-to-date module file ../../../Engine/Plugins/Runtime/ProceduralMeshComponent/Binaries/Win64/UE4Editor-ProceduralMeshComponentEditor.dll (API version 3944462).
LogModuleManager: Display: Found up-to-date module file ../../../Engine/Plugins/Runtime/RuntimePhysXCooking/Binaries/Win64/UE4Editor-RuntimePhysXCooking.dll (API version 3944462).
LogModuleManager: Display: Found up-to-date module file ../../../Engine/Plugins/Runtime/Steam/SteamVR/Binaries/Win64/UE4Editor-SteamVR.dll (API version 3944462).
LogModuleManager: Display: Found up-to-date module file ../../../Engine/Plugins/Runtime/Steam/SteamVR/Binaries/Win64/UE4Editor-SteamVRController.dll (API version 3944462).
LogModuleManager: Display: Found up-to-date module file ../../../Engine/Plugins/Runtime/WindowsMoviePlayer/Binaries/Win64/UE4Editor-WindowsMoviePlayer.dll (API version 3944462).
LogInit: Using libcurl 7.47.1
LogInit:  - built for x86_64-pc-win32
LogInit:  - supports SSL with OpenSSL/1.0.2g
LogInit:  - supports HTTP deflate (compression) using libz 1.2.8
LogInit:  - other features:
LogInit:      CURL_VERSION_SSL
LogInit:      CURL_VERSION_LIBZ
LogInit:      CURL_VERSION_IPV6
LogInit:      CURL_VERSION_ASYNCHDNS
LogInit:      CURL_VERSION_LARGEFILE
LogInit:      CURL_VERSION_IDN
LogInit:  CurlRequestOptions (configurable via config and command line):
LogInit:  - bVerifyPeer = false  - Libcurl will NOT verify peer certificate
LogInit:  - bUseHttpProxy = false  - Libcurl will NOT use HTTP proxy
LogInit:  - bDontReuseConnections = false  - Libcurl will reuse connections
LogInit:  - CertBundlePath = nullptr  - Libcurl will use whatever was configured at build time.
LogInit:  - MaxHostConnections = 16  - Libcurl will limit the number of connections to a host
LogInit:  - LocalHostAddr = Default
LogInit: WinSock: version 1.1 (2.2), MaxSocks=32767, MaxUdp=65467
LogInit: WinSock: I am 1816C005 (10.18.0.28:0)
LogHMD: Failed initializing OVRPlugin 1.21.0
LogInit: Build: ++UE4+Release-4.19-CL-4033788
LogInit: Engine Version: 4.19.2-4033788+++UE4+Release-4.19
LogInit: Compatible Engine Version: 4.19.0-3944462+++UE4+Release-4.19
LogInit: Net CL: 3944462
LogDevObjectVersion: Number of dev versions registered: 18
LogDevObjectVersion:   Dev-Blueprints (B0D832E4-1F89-4F0D-ACCF-7EB736FD4AA2): 10
LogDevObjectVersion:   Dev-Build (E1C64328-A22C-4D53-A36C-8E866417BD8C): 0
LogDevObjectVersion:   Dev-Core (375EC13C-06E4-48FB-B500-84F0262A717E): 2
LogDevObjectVersion:   Dev-Editor (E4B068ED-F494-42E9-A231-DA0B2E46BB41): 23
LogDevObjectVersion:   Dev-Framework (CFFC743F-43B0-4480-9391-14DF171D2073): 33
LogDevObjectVersion:   Dev-Mobile (B02B49B5-BB20-44E9-A304-32B752E40360): 2
LogDevObjectVersion:   Dev-Networking (A4E4105C-59A1-49B5-A7C5-40C4547EDFEE): 0
LogDevObjectVersion:   Dev-Online (39C831C9-5AE6-47DC-9A44-9C173E1C8E7C): 0
LogDevObjectVersion:   Dev-Physics (78F01B33-EBEA-4F98-B9B4-84EACCB95AA2): 0
LogDevObjectVersion:   Dev-Platform (6631380F-2D4D-43E0-8009-CF276956A95A): 0
LogDevObjectVersion:   Dev-Rendering (12F88B9F-8875-4AFC-A67C-D90C383ABD29): 25
LogDevObjectVersion:   Dev-Sequencer (7B5AE74C-D270-4C10-A958-57980B212A5A): 6
LogDevObjectVersion:   Dev-VR (D7296918-1DD6-4BDD-9DE2-64A83CC13884): 1
LogDevObjectVersion:   Dev-LoadTimes (C2A15278-BFE7-4AFE-6C17-90FF531DF755): 1
LogDevObjectVersion:   Private-Geometry (6EACA3D4-40EC-4CC1-B786-8BED09428FC5): 2
LogDevObjectVersion:   Dev-AnimPhys (29E575DD-E0A3-4627-9D10-D276232CDCEA): 16
LogDevObjectVersion:   Dev-ReflectionCapture (6B266CEC-1EC7-4B8F-A30B-E4D90942FC07): 1
LogDevObjectVersion:   Dev-Automation (0DF73D61-A23F-47EA-B727-89E90C41499A): 1
LogInit: Compiled (64-bit): Apr 27 2018 02:06:57
LogInit: Compiled with Visual C++: 19.00.24215.01
LogInit: Build Configuration: Development
LogInit: Branch Name: ++UE4+Release-4.19
LogInit: Command Line:  
LogInit: Base Directory: D:/UE_4.19/Engine/Binaries/Win64/
LogInit: Installed Engine Build: 1
LogStreaming: Display: Took  0.003s to delete old logs.
LogInit: Presizing for max 8388607 objects, including 0 objects not considered by GC, pre-allocating 0 bytes for permanent pool.
LogInit: Object subsystem initialized
[2019.05.07-21.49.12:393][  0]LogInit: Selected Device Profile: [Windows]
[2019.05.07-21.49.12:393][  0]LogInit: Applying CVar settings loaded from the selected device profile: [Windows]
[2019.05.07-21.49.12:415][  0]LogInit: Computer: 1816C005
[2019.05.07-21.49.12:415][  0]LogInit: User: connorcul7828
[2019.05.07-21.49.12:415][  0]LogInit: CPU Page size=4096, Cores=4
[2019.05.07-21.49.12:415][  0]LogInit: High frequency timer resolution =3.515626 MHz
[2019.05.07-21.49.12:415][  0]LogMemory: Memory total: Physical=31.9GB (32GB approx)
[2019.05.07-21.49.12:415][  0]LogMemory: Platform Memory Stats for Windows
[2019.05.07-21.49.12:415][  0]LogMemory: Process Physical Memory: 276.55 MB used, 276.55 MB peak
[2019.05.07-21.49.12:415][  0]LogMemory: Process Virtual Memory: 268.52 MB used, 268.52 MB peak
[2019.05.07-21.49.12:415][  0]LogMemory: Physical Memory: 7403.26 MB used,  25243.95 MB free, 32647.21 MB total
[2019.05.07-21.49.12:415][  0]LogMemory: Virtual Memory: 4837.86 MB used,  25243.95 MB free, 134217728.00 MB total
[2019.05.07-21.49.12:431][  0]LogInit: Using OS detected language (en-US).
[2019.05.07-21.49.12:431][  0]LogInit: Using OS detected locale (en-NZ).
[2019.05.07-21.49.12:433][  0]LogTextLocalizationManager: No specific localization for 'en-US' exists, so the 'en' localization will be used.
[2019.05.07-21.49.12:757][  0]LogStreaming: Display: Took  0.326s to EndInitTextLocalization.
[2019.05.07-21.49.12:757][  0]LogInit: Setting process to per monitor DPI aware
[2019.05.07-21.49.13:096][  0]LogSlate: New Slate User Created.  User Index 0, Is Virtual User: 0
[2019.05.07-21.49.13:096][  0]LogSlate: Slate User Registered.  User Index 0, Is Virtual User: 0
[2019.05.07-21.49.13:249][  0]LogD3D11RHI: D3D11 adapters:
[2019.05.07-21.49.13:304][  0]LogD3D11RHI:    0. 'NVIDIA GeForce GTX 1080' (Feature Level 11_0)
[2019.05.07-21.49.13:304][  0]LogD3D11RHI:       8079/0/16323 MB DedicatedVideo/DedicatedSystem/SharedSystem, Outputs:2, VendorId:0x10de
[2019.05.07-21.49.13:314][  0]LogD3D11RHI:    1. 'Intel(R) HD Graphics 630' (Feature Level 11_0)
[2019.05.07-21.49.13:314][  0]LogD3D11RHI:       128/0/16323 MB DedicatedVideo/DedicatedSystem/SharedSystem, Outputs:0, VendorId:0x8086
[2019.05.07-21.49.13:316][  0]LogD3D11RHI:    2. 'Microsoft Basic Render Driver' (Feature Level 11_0)
[2019.05.07-21.49.13:316][  0]LogD3D11RHI:       0/0/16323 MB DedicatedVideo/DedicatedSystem/SharedSystem, Outputs:0, VendorId:0x1414
[2019.05.07-21.49.13:316][  0]LogD3D11RHI: Chosen D3D11 Adapter: 0
[2019.05.07-21.49.13:321][  0]LogD3D11RHI: Creating new Direct3DDevice
[2019.05.07-21.49.13:322][  0]LogD3D11RHI:     GPU DeviceId: 0x1b80 (for the marketing name, search the web for "GPU Device Id")
[2019.05.07-21.49.13:322][  0]LogWindows: EnumDisplayDevices:
[2019.05.07-21.49.13:322][  0]LogWindows:    0. 'NVIDIA GeForce GTX 1080' (P:1 D:1)
[2019.05.07-21.49.13:322][  0]LogWindows:    1. 'NVIDIA GeForce GTX 1080' (P:0 D:1)
[2019.05.07-21.49.13:322][  0]LogWindows:    2. 'NVIDIA GeForce GTX 1080' (P:0 D:0)
[2019.05.07-21.49.13:322][  0]LogWindows:    3. 'NVIDIA GeForce GTX 1080' (P:0 D:0)
[2019.05.07-21.49.13:322][  0]LogWindows:    4. 'Intel(R) HD Graphics 630' (P:0 D:0)
[2019.05.07-21.49.13:322][  0]LogWindows:    5. 'Intel(R) HD Graphics 630' (P:0 D:0)
[2019.05.07-21.49.13:322][  0]LogWindows:    6. 'Intel(R) HD Graphics 630' (P:0 D:0)
[2019.05.07-21.49.13:323][  0]LogWindows:    7. 'Mirage Driver' (P:0 D:0)
[2019.05.07-21.49.13:323][  0]LogWindows: DebugString: GetVideoDriverDetailsInvalid PrimaryIsNotTheChoosenAdapter GetVideoDriverDetailsInvalid PrimaryIsNotTheChoosenAdapter GetVideoDriverDetailsInvalid PrimaryIsNotTheChoosenAdapter GetVideoDriverDetailsInvalid PrimaryIsNotTheChoosenAdapter GetVideoDriverDetailsInvalid PrimaryIsNotTheChoosenAdapter GetVideoDriverDetailsInvalid PrimaryIsNotTheChoosenAdapter GetVideoDriverDetailsInvalid PrimaryIsNotTheChoosenAdapter GetVideoDriverDetailsInvalid PrimaryIsNotTheChoosenAdapter FoundDriverCount:0 
[2019.05.07-21.49.13:323][  0]LogD3D11RHI:     Adapter Name: NVIDIA GeForce GTX 1080
[2019.05.07-21.49.13:323][  0]LogD3D11RHI:   Driver Version: Unknown (internal:Unknown, unified:Unknown)
[2019.05.07-21.49.13:323][  0]LogD3D11RHI:      Driver Date: Unknown
[2019.05.07-21.49.13:323][  0]LogRHI: Texture pool is 5655 MB (70% of 8079 MB)
[2019.05.07-21.49.13:358][  0]LogD3D11RHI: [Aftermath] Aftermath enabled and primed
[2019.05.07-21.49.13:358][  0]LogD3D11RHI: [Aftermath] Aftermath enabled and primed
[2019.05.07-21.49.13:358][  0]LogD3D11RHI: Async texture creation enabled
[2019.05.07-21.49.13:376][  0]LogD3D11RHI: GPU Timing Frequency: 1000.000000 (Debug: 2 2)
[2019.05.07-21.49.13:463][  0]LogShaderCompilers: Guid format shader working directory is 2 characters bigger than the processId version (H:/GitHub/ScorchingNoMoarWarmPuns/Scorching_Cold_Mini/Intermediate/Shaders/WorkingDirectory/4736/).
[2019.05.07-21.49.13:463][  0]LogShaderCompilers: Cleaned the shader compiler working directory 'D:/Users/connor.cul7828/AppData/Local/Temp/UnrealShaderWorkingDir/08731E53483DA55DA6D0F69DA9DE0810/'.
[2019.05.07-21.49.13:653][  0]LogTemp: Display: Loaded TP AllDesktopTargetPlatform
[2019.05.07-21.49.13:667][  0]LogTemp: Display: Loaded TP MacClientTargetPlatform
[2019.05.07-21.49.13:681][  0]LogTemp: Display: Loaded TP MacNoEditorTargetPlatform
[2019.05.07-21.49.13:695][  0]LogTemp: Display: Loaded TP MacServerTargetPlatform
[2019.05.07-21.49.13:708][  0]LogTemp: Display: Loaded TP MacTargetPlatform
[2019.05.07-21.49.13:721][  0]LogTemp: Display: Loaded TP WindowsClientTargetPlatform
[2019.05.07-21.49.13:735][  0]LogTemp: Display: Loaded TP WindowsNoEditorTargetPlatform
[2019.05.07-21.49.13:749][  0]LogTemp: Display: Loaded TP WindowsServerTargetPlatform
[2019.05.07-21.49.13:756][  0]LogTemp: Display: Loaded TP WindowsTargetPlatform
[2019.05.07-21.49.13:768][  0]LogTemp: Display: Loaded TP Android_ASTCTargetPlatform
[2019.05.07-21.49.13:779][  0]LogTemp: Display: Loaded TP Android_ATCTargetPlatform
[2019.05.07-21.49.13:791][  0]LogTemp: Display: Loaded TP Android_DXTTargetPlatform
[2019.05.07-21.49.13:802][  0]LogTemp: Display: Loaded TP Android_ETC1aTargetPlatform
[2019.05.07-21.49.13:813][  0]LogTemp: Display: Loaded TP Android_ETC1TargetPlatform
[2019.05.07-21.49.13:825][  0]LogTemp: Display: Loaded TP Android_ETC2TargetPlatform
[2019.05.07-21.49.13:848][  0]LogTemp: Display: Loaded TP Android_MultiTargetPlatform
[2019.05.07-21.49.13:848][  0]LogTemp: Display: Loaded TP Android_PVRTCTargetPlatform
[2019.05.07-21.49.13:860][  0]LogTemp: Display: Loaded TP AndroidTargetPlatform
[2019.05.07-21.49.13:861][  0]LogTemp: Display: Loaded TP HTML5TargetPlatform
[2019.05.07-21.49.13:896][  0]LogTemp: Display: Loaded TP IOSTargetPlatform
[2019.05.07-21.49.13:908][  0]LogTemp: Display: Loaded TP TVOSTargetPlatform
[2019.05.07-21.49.13:919][  0]LogTemp: Display: Loaded TP LinuxClientTargetPlatform
[2019.05.07-21.49.14:233][  0]LogTemp: Display: Loaded TP LinuxNoEditorTargetPlatform
[2019.05.07-21.49.14:245][  0]LogTemp: Display: Loaded TP LinuxServerTargetPlatform
[2019.05.07-21.49.14:258][  0]LogTemp: Display: Loaded TP LinuxTargetPlatform
[2019.05.07-21.49.14:258][  0]LogTargetPlatformManager: Display: Building Assets For Windows
[2019.05.07-21.49.14:331][  0]LogXGEController: Cleaning working directory: D:/Users/connor.cul7828/AppData/Local/Temp/UnrealXGEWorkingDir/
[2019.05.07-21.49.14:331][  0]LogXGEController: Cannot use XGE Controller as Incredibuild is not installed on this machine.
[2019.05.07-21.49.14:331][  0]LogShaderCompilers: Cannot use XGE Shader Compiler as Incredibuild is not installed on this machine.
[2019.05.07-21.49.14:331][  0]LogShaderCompilers: Display: Using Local Shader Compiler.
[2019.05.07-21.49.14:840][  0]LogDerivedDataCache: Display: Max Cache Size: 512 MB
[2019.05.07-21.49.14:897][  0]LogDerivedDataCache: Loaded boot cache 0.06s 76MB D:/Users/connor.cul7828/AppData/Local/UnrealEngine/4.19/DerivedDataCache/Boot.ddc.
[2019.05.07-21.49.14:897][  0]LogDerivedDataCache: Display: Loaded Boot cache: D:/Users/connor.cul7828/AppData/Local/UnrealEngine/4.19/DerivedDataCache/Boot.ddc
[2019.05.07-21.49.14:898][  0]LogDerivedDataCache: FDerivedDataBackendGraph:  Pak pak cache file H:/GitHub/ScorchingNoMoarWarmPuns/Scorching_Cold_Mini/DerivedDataCache/DDC.ddp not found, will not use a pak cache.
[2019.05.07-21.49.14:898][  0]LogDerivedDataCache: Unable to find inner node Pak for hierarchical cache Hierarchy.
[2019.05.07-21.49.14:898][  0]LogDerivedDataCache: FDerivedDataBackendGraph:  CompressedPak pak cache file H:/GitHub/ScorchingNoMoarWarmPuns/Scorching_Cold_Mini/DerivedDataCache/Compressed.ddp not found, will not use a pak cache.
[2019.05.07-21.49.14:898][  0]LogDerivedDataCache: Unable to find inner node CompressedPak for hierarchical cache Hierarchy.
[2019.05.07-21.49.14:912][  0]LogDerivedDataCache: Display: Pak cache opened for reading ../../../Engine/DerivedDataCache/Compressed.ddp.
[2019.05.07-21.49.14:924][  0]LogDerivedDataCache: Using Local data cache path D:/Users/connor.cul7828/AppData/Local/UnrealEngine/Common/DerivedDataCache: Writable
[2019.05.07-21.49.14:924][  0]LogDerivedDataCache: Shared data cache path not found in *engine.ini, will not use an Shared cache.
[2019.05.07-21.49.14:924][  0]LogDerivedDataCache: Unable to find inner node Shared for hierarchical cache Hierarchy.
[2019.05.07-21.49.14:933][  0]LogMaterial: Verifying Global Shaders for PCD3D_SM5
[2019.05.07-21.49.14:933][  0]LogSlate: Using Freetype 2.6.0
[2019.05.07-21.49.14:934][  0]LogSlate: SlateFontCache - WITH_FREETYPE: 1, WITH_HARFBUZZ: 1
[2019.05.07-21.49.14:934][  0]LogSlate: SlateFontCache - WITH_FREETYPE: 1, WITH_HARFBUZZ: 1
[2019.05.07-21.49.15:041][  0]LogAssetRegistry: FAssetRegistry took 0.0265 seconds to start up
[2019.05.07-21.49.15:378][  0]LogInit: Selected Device Profile: [Windows]
[2019.05.07-21.49.15:489][  0]LogSimplygon: Simplygon DLL not present - disabling.
[2019.05.07-21.49.15:491][  0]LogMeshReduction: Using SimplygonSwarm for distributed automatic mesh merging
[2019.05.07-21.49.15:491][  0]LogMeshReduction: Using QuadricMeshReduction for automatic static mesh reduction
[2019.05.07-21.49.15:491][  0]LogMeshReduction: No automatic skeletal mesh reduction module available
[2019.05.07-21.49.15:491][  0]LogMeshReduction: No automatic mesh merging module available
[2019.05.07-21.49.15:491][  0]LogMeshMerging: No automatic mesh merging module available
[2019.05.07-21.49.15:515][  0]LogNetVersion: Scorching_Cold_Mini , NetCL: 3944462, EngineNetVer: 2, GameNetVer: 0 (Checksum: 451170659)
[2019.05.07-21.49.17:177][  0]LogPackageLocalizationCache: Processed 9 localized package path(s) for 2 prioritized culture(s) in 0.965531 seconds
[2019.05.07-21.49.17:182][  0]LogUObjectArray: 36728 objects as part of root set at end of initial load.
[2019.05.07-21.49.17:182][  0]LogUObjectAllocator: 7314312 out of 0 bytes used by permanent object pool.
[2019.05.07-21.49.17:182][  0]LogUObjectArray: CloseDisregardForGC: 0/0 objects in disregard for GC pool
[2019.05.07-21.49.18:457][  0]LogTcpMessaging: Initializing TcpMessaging bridge
[2019.05.07-21.49.18:480][  0]LogUdpMessaging: Initializing bridge on interface 0.0.0.0:0 to multicast group 230.0.0.1:6666.
[2019.05.07-21.49.18:480][  0]LogDirectoryWatcher: A directory notification failed for 'H:/GitHub/ScorchingNoMoarWarmPuns/Scorching_Cold_Mini/Content/' because it was empty or there was a buffer overflow. Attemping another request...
[2019.05.07-21.49.18:480][  0]LogDirectoryWatcher: A directory notification failed for 'H:/GitHub/ScorchingNoMoarWarmPuns/Scorching_Cold_Mini/Binaries/Win64' because it was empty or there was a buffer overflow. Attemping another request...
[2019.05.07-21.49.18:757][  0]LogUObjectGlobals: Created PersistentFrame Addr=0x000001dca0cdfd30, Size=72, Default__FirstPerson_AnimBP_C Function /Game/FirstPerson/Animations/FirstPerson_AnimBP.FirstPerson_AnimBP_C:ExecuteUbergraph_FirstPerson_AnimBP
[2019.05.07-21.49.18:763][  0]LogUObjectGlobals: Destroyed PersistentFrame Addr=0x000001dca0cdfd30, Size=72
[2019.05.07-21.49.18:763][  0]LogUObjectGlobals: Created PersistentFrame Addr=0x000001dca0996bb0, Size=72, Default__FirstPerson_AnimBP_C Function /Engine/Transient.REINST_FirstPerson_AnimBP_C_0:ExecuteUbergraph_FirstPerson_AnimBP
[2019.05.07-21.49.18:770][  0]LogUObjectGlobals: Created PersistentFrame Addr=0x000001dca090ffb0, Size=72, Default__FirstPerson_AnimBP_C Function /Game/FirstPerson/Animations/FirstPerson_AnimBP.FirstPerson_AnimBP_C:ExecuteUbergraph_FirstPerson_AnimBP
[2019.05.07-21.49.19:424][  0]LogSkeletalMesh: Skeletal Mesh found in DDC [0.601884ms] /Game/FirstPerson/Character/Mesh/SK_Mannequin_Arms.SK_Mannequin_Arms
[2019.05.07-21.49.19:437][  0]LogSkeletalMesh: Skeletal Mesh found in DDC [0.278187ms] /Game/FirstPerson/FPWeapon/Mesh/SK_FPGun.SK_FPGun
[2019.05.07-21.49.19:542][  0]SourceControl: Source control is disabled
[2019.05.07-21.49.19:542][  0]SourceControl: Source control is disabled
[2019.05.07-21.49.19:554][  0]SourceControl: Source control is disabled
[2019.05.07-21.49.19:565][  0]SourceControl: Source control is disabled
[2019.05.07-21.49.19:924][  0]LogAndroidPermission: UAndroidPermissionCallbackProxy::GetInstance
[2019.05.07-21.49.20:048][  0]LogOcInput: OculusInput pre-init called
[2019.05.07-21.49.20:123][  0]LogEngine: Initializing Engine...
[2019.05.07-21.49.20:124][  0]LogHMD: Failed to initialize OpenVR with code 110
[2019.05.07-21.49.20:126][  0]LogStats: UGameplayTagsManager::ConstructGameplayTagTree: Construct from data asset -  0.000 s
[2019.05.07-21.49.20:126][  0]LogStats: UGameplayTagsManager::ConstructGameplayTagTree: GameplayTagTreeChangedEvent.Broadcast -  0.000 s
[2019.05.07-21.49.20:295][  0]LogAIModule: Creating AISystem for world Untitled
[2019.05.07-21.49.20:313][  0]LogInit: XAudio2 using 'Speaker (Conexant HD Audio)' : 2 channels at 48 kHz using 32 bits per sample (channel mask 0x3)
[2019.05.07-21.49.20:479][  0]LogInit: FAudioDevice initialized.
[2019.05.07-21.49.20:617][  0]LogDerivedDataCache: Saved boot cache 0.14s 76MB D:/Users/connor.cul7828/AppData/Local/UnrealEngine/4.19/DerivedDataCache/Boot.ddc.
[2019.05.07-21.49.20:642][  0]LogInit: Texture streaming: Enabled
[2019.05.07-21.49.20:651][  0]LogEngineSessionManager: EngineSessionManager initialized
[2019.05.07-21.49.20:661][  0]LogInit: Transaction tracking system initialized
[2019.05.07-21.49.20:674][  0]BlueprintLog: New page: Editor Load
[2019.05.07-21.49.20:771][  0]LocalizationService: Localization service is disabled
[2019.05.07-21.49.20:842][  0]LogConsoleResponse: Display: 
[2019.05.07-21.49.20:972][  0]LogCook: Display: Max memory allowance for cook 16384mb min free memory 0mb
[2019.05.07-21.49.20:972][  0]LogCook: Display: Mobile HDR setting 1
[2019.05.07-21.49.20:972][  0]LogGameplayTags: Display: UGameplayTagsManager::DoneAddingNativeTags. DelegateIsBound: 0
[2019.05.07-21.49.20:972][  0]LogStats: UGameplayTagsManager::ConstructGameplayTagTree: Construct from data asset -  0.000 s
[2019.05.07-21.49.20:972][  0]LogStats: UGameplayTagsManager::ConstructGameplayTagTree: GameplayTagTreeChangedEvent.Broadcast -  0.000 s
[2019.05.07-21.49.21:250][  0]LogFileCache: Scanning file cache for directory 'H:/GitHub/ScorchingNoMoarWarmPuns/Scorching_Cold_Mini/Content/' took 0.02s
[2019.05.07-21.49.21:250][  0]SourceControl: Source control is disabled
[2019.05.07-21.49.21:250][  0]Cmd: MAP LOAD FILE="H:/GitHub/ScorchingNoMoarWarmPuns/Scorching_Cold_Mini/Content/FirstPersonCPP/Maps/FirstPersonExampleMap.umap" TEMPLATE=0 SHOWPROGRESS=1 FEATURELEVEL=3
[2019.05.07-21.49.21:284][  0]LightingResults: New page: Lighting Build
[2019.05.07-21.49.21:286][  0]MapCheck: New page: Map Check
[2019.05.07-21.49.21:286][  0]LightingResults: New page: Lighting Build
[2019.05.07-21.49.21:295][  0]LogUObjectGlobals: Destroyed PersistentFrame Addr=0x000001dca0996bb0, Size=72
[2019.05.07-21.49.21:392][  0]LogLinker: Warning: Can't find file '/Game/FirstPersonCPP/Maps/FirstPersonExampleMap_BuiltData'
[2019.05.07-21.49.21:392][  0]LogLinker: Warning: Can't find file for asset '/Game/FirstPersonCPP/Maps/FirstPersonExampleMap_BuiltData' while loading H:/GitHub/ScorchingNoMoarWarmPuns/Scorching_Cold_Mini/Content/FirstPersonCPP/Maps/FirstPersonExampleMap.umap.
[2019.05.07-21.49.21:392][  0]LoadErrors: Error: /Game/FirstPersonCPP/Maps/FirstPersonExampleMap : Can't find file for asset. /Game/FirstPersonCPP/Maps/FirstPersonExampleMap_BuiltData
[2019.05.07-21.49.21:408][  0]LogLinker: Warning: Can't find file '/Game/FirstPersonCPP/Maps/FirstPersonExampleMap_BuiltData'
[2019.05.07-21.49.21:409][  0]LogLinker: Warning: Can't find file for asset '/Game/FirstPersonCPP/Maps/FirstPersonExampleMap_BuiltData' while loading H:/GitHub/ScorchingNoMoarWarmPuns/Scorching_Cold_Mini/Content/FirstPersonCPP/Maps/FirstPersonExampleMap.umap.
[2019.05.07-21.49.21:409][  0]LoadErrors: Error: /Game/FirstPersonCPP/Maps/FirstPersonExampleMap : Can't find file for asset. /Game/FirstPersonCPP/Maps/FirstPersonExampleMap_BuiltData
[2019.05.07-21.49.21:432][  0]LogLinker: Warning: Can't find file '/Game/FirstPersonCPP/Maps/FirstPersonExampleMap_BuiltData'
[2019.05.07-21.49.21:432][  0]LogLinker: Warning: Can't find file for asset '/Game/FirstPersonCPP/Maps/FirstPersonExampleMap_BuiltData' while loading NULL.
[2019.05.07-21.49.21:432][  0]LogLinker: Warning: Can't find file '/Game/FirstPersonCPP/Maps/FirstPersonExampleMap_BuiltData'
[2019.05.07-21.49.21:433][  0]LogLinker: Warning: Can't find file for asset '/Game/FirstPersonCPP/Maps/FirstPersonExampleMap_BuiltData' while loading NULL.
[2019.05.07-21.49.21:449][  0]LogLinker: Warning: Can't find file '/Game/FirstPersonCPP/Maps/FirstPersonExampleMap_BuiltData'
[2019.05.07-21.49.21:449][  0]LoadErrors: Failed to load /Game/FirstPersonCPP/Maps/FirstPersonExampleMap_BuiltData.FirstPersonExampleMap_BuiltData Referenced by PersistentLevel
[2019.05.07-21.49.21:449][  0]LogLinker: Warning: Can't find file for asset '/Game/FirstPersonCPP/Maps/FirstPersonExampleMap_BuiltData' while loading NULL.
[2019.05.07-21.49.21:449][  0]LoadErrors: Failed to load /Game/FirstPersonCPP/Maps/FirstPersonExampleMap_BuiltData.FirstPersonExampleMap_BuiltData Referenced by PersistentLevel
[2019.05.07-21.49.21:645][  0]LogAIModule: Creating AISystem for world FirstPersonExampleMap
[2019.05.07-21.49.21:656][  0]LogEditorServer: Finished looking for orphan Actors (0.000 secs)
[2019.05.07-21.49.21:667][  0]Cmd: MAP CHECKDEP NOCLEARLOG
[2019.05.07-21.49.21:711][  0]MapCheck: Map check complete: 0 Error(s), 0 Warning(s), took 43.533ms to complete.
[2019.05.07-21.49.21:711][  0]LogFileHelpers: Loading map 'FirstPersonExampleMap' took 0.461
[2019.05.07-21.49.21:837][  0]LogCollectionManager: Loaded 0 collections in 0.002433 seconds
[2019.05.07-21.49.21:880][  0]LogFileCache: Scanning file cache for directory 'H:/GitHub/ScorchingNoMoarWarmPuns/Scorching_Cold_Mini/Saved/Collections/' took 0.01s
[2019.05.07-21.49.21:880][  0]LogFileCache: Scanning file cache for directory 'H:/GitHub/ScorchingNoMoarWarmPuns/Scorching_Cold_Mini/Content/Developers/connorcul7828/Collections/' took 0.01s
[2019.05.07-21.49.21:880][  0]LogFileCache: Scanning file cache for directory 'H:/GitHub/ScorchingNoMoarWarmPuns/Scorching_Cold_Mini/Content/Collections/' took 0.01s
[2019.05.07-21.49.21:880][  0]LogCollectionManager: Rebuilt the GUID cache for 0 collections in 0.000000 seconds
[2019.05.07-21.49.21:888][  0]LogContentBrowser: Native class hierarchy populated in 0.0080 seconds. Added 2456 classes and 560 folders.
[2019.05.07-21.49.21:893][  0]LogContentBrowser: Native class hierarchy updated for 'WidgetCarousel' in 0.0009 seconds. Added 0 classes and 0 folders.
[2019.05.07-21.49.21:927][  0]LogContentBrowser: Native class hierarchy updated for 'AddContentDialog' in 0.0009 seconds. Added 0 classes and 0 folders.
[2019.05.07-21.49.21:930][  0]LogContentBrowser: Native class hierarchy updated for 'SceneOutliner' in 0.0009 seconds. Added 1 classes and 2 folders.
[2019.05.07-21.49.21:947][  0]LogSlate: Took 0.000258 seconds to synchronously load lazily loaded font '../../../Engine/Content/Slate/Fonts/Roboto-Regular.ttf' (155K)
[2019.05.07-21.49.21:949][  0]LogSlate: Took 0.000236 seconds to synchronously load lazily loaded font '../../../Engine/Content/Slate/Fonts/Roboto-Bold.ttf' (160K)
[2019.05.07-21.49.21:956][  0]LogSlate: Took 0.000148 seconds to synchronously load lazily loaded font '../../../Engine/Content/Editor/Slate/Fonts/FontAwesome.ttf' (139K)
[2019.05.07-21.49.22:039][  0]LogRenderer: Reallocating scene render targets to support 1208x580 Format 10 NumSamples 1 (Frame:1).
[2019.05.07-21.49.22:138][  0]LogContentBrowser: Native class hierarchy updated for 'HierarchicalLODOutliner' in 0.0009 seconds. Added 0 classes and 0 folders.
[2019.05.07-21.49.22:138][  0]LogLoad: (Engine Initialization) Total time: 14.11 seconds
[2019.05.07-21.49.22:138][  0]LogLoad: (Engine Initialization) Total Blueprint compile time: 0.00 seconds
[2019.05.07-21.49.22:147][  0]LogWindowsTextInputMethodSystem: Display: IME system now deactivated.
[2019.05.07-21.49.22:162][  0]LogAssetRegistry: Asset discovery search completed in 7.1442 seconds
[2019.05.07-21.49.22:164][  0]LogCollectionManager: Rebuilt the object cache for 0 collections in 0.000000 seconds (found 0 objects)
[2019.05.07-21.49.22:164][  0]LogCollectionManager: Fixed up redirectors for 0 collections in 0.000035 seconds (updated 0 objects)
[2019.05.07-21.49.22:164][  0]LogDirectoryWatcher: A directory notification failed for 'H:/GitHub/ScorchingNoMoarWarmPuns/Scorching_Cold_Mini/Content/' because it was empty or there was a buffer overflow. Attemping another request...
[2019.05.07-21.49.22:164][  0]LogDirectoryWatcher: A directory notification failed for 'H:/GitHub/ScorchingNoMoarWarmPuns/Scorching_Cold_Mini/Content/', and we were unable to create a new request.
[2019.05.07-21.49.22:164][  0]LogDirectoryWatcher: A directory notification failed for 'H:/GitHub/ScorchingNoMoarWarmPuns/Scorching_Cold_Mini/Binaries/Win64' because it was empty or there was a buffer overflow. Attemping another request...
[2019.05.07-21.49.22:165][  0]LogDirectoryWatcher: A directory notification failed for 'H:/GitHub/ScorchingNoMoarWarmPuns/Scorching_Cold_Mini/Binaries/Win64', and we were unable to create a new request.
[2019.05.07-21.49.22:165][  0]LogDirectoryWatcher: A directory notification failed for 'H:/GitHub/ScorchingNoMoarWarmPuns/Scorching_Cold_Mini/Saved/Collections/' because it was empty or there was a buffer overflow. Attemping another request...
[2019.05.07-21.49.22:165][  0]LogDirectoryWatcher: A directory notification failed for 'H:/GitHub/ScorchingNoMoarWarmPuns/Scorching_Cold_Mini/Content/Developers/connorcul7828/Collections/' because it was empty or there was a buffer overflow. Attemping another request...
[2019.05.07-21.49.22:165][  0]LogDirectoryWatcher: A directory notification failed for 'H:/GitHub/ScorchingNoMoarWarmPuns/Scorching_Cold_Mini/Content/Collections/' because it was empty or there was a buffer overflow. Attemping another request...
[2019.05.07-21.49.22:168][  0]LogContentStreaming: Texture pool size now 1000 MB
[2019.05.07-21.49.22:182][  0]LogSlate: FSceneViewport::OnFocusLost() reason 2
[2019.05.07-21.49.22:214][  0]LogSlate: Took 0.000155 seconds to synchronously load lazily loaded font '../../../Engine/Content/Slate/Fonts/Roboto-Light.ttf' (167K)
[2019.05.07-21.49.22:234][  1]LogDirectoryWatcher: A directory notification failed for 'H:/GitHub/ScorchingNoMoarWarmPuns/Scorching_Cold_Mini/Saved/Collections/' because it was empty or there was a buffer overflow. Attemping another request...
[2019.05.07-21.49.22:234][  1]LogDirectoryWatcher: A directory notification failed for 'H:/GitHub/ScorchingNoMoarWarmPuns/Scorching_Cold_Mini/Saved/Collections/', and we were unable to create a new request.
[2019.05.07-21.49.22:235][  1]LogDirectoryWatcher: A directory notification failed for 'H:/GitHub/ScorchingNoMoarWarmPuns/Scorching_Cold_Mini/Content/Collections/' because it was empty or there was a buffer overflow. Attemping another request...
[2019.05.07-21.49.22:235][  1]LogDirectoryWatcher: A directory notification failed for 'H:/GitHub/ScorchingNoMoarWarmPuns/Scorching_Cold_Mini/Content/Collections/', and we were unable to create a new request.
[2019.05.07-21.49.22:235][  1]LogDirectoryWatcher: A directory notification failed for 'H:/GitHub/ScorchingNoMoarWarmPuns/Scorching_Cold_Mini/Content/Developers/connorcul7828/Collections/' because it was empty or there was a buffer overflow. Attemping another request...
[2019.05.07-21.49.22:236][  1]LogDirectoryWatcher: A directory notification failed for 'H:/GitHub/ScorchingNoMoarWarmPuns/Scorching_Cold_Mini/Content/Developers/connorcul7828/Collections/', and we were unable to create a new request.
[2019.05.07-21.49.42:252][379]LogSlate: Window 'Message Log' being destroyed
[2019.05.07-21.49.42:256][379]LogSlate: Window 'Message Log' being destroyed
[2019.05.07-21.49.43:155][487]LogSlate: FSceneViewport::OnFocusLost() reason 0
[2019.05.07-21.49.45:726][788]LogSlate: Took 0.000164 seconds to synchronously load lazily loaded font '../../../Engine/Content/Slate/Fonts/Roboto-Light.ttf' (167K)
[2019.05.07-21.49.45:760][788]LogUObjectGlobals: Created PersistentFrame Addr=0x000001dcc448c608, Size=56, Default__BTService_SetRandomLocation_C Function /Game/Enemies/BTService_SetRandomLocation.BTService_SetRandomLocation_C:ExecuteUbergraph_BTService_SetRandomLocation
[2019.05.07-21.49.45:761][788]LogUObjectGlobals: Destroyed PersistentFrame Addr=0x000001dcc448c608, Size=56
[2019.05.07-21.49.45:761][788]LogUObjectGlobals: Created PersistentFrame Addr=0x000001dcc448c608, Size=56, Default__BTService_SetRandomLocation_C Function /Engine/Transient.REINST_BTService_SetRandomLocation_C_8:ExecuteUbergraph_BTService_SetRandomLocation
[2019.05.07-21.49.45:762][788]LogUObjectGlobals: Created PersistentFrame Addr=0x000001dcc448c3a0, Size=56, Default__BTService_SetRandomLocation_C Function /Game/Enemies/BTService_SetRandomLocation.BTService_SetRandomLocation_C:ExecuteUbergraph_BTService_SetRandomLocation
[2019.05.07-21.49.45:766][788]LogUObjectGlobals: Created PersistentFrame Addr=0x000001dcc4499300, Size=128, Default__LBController_C Function /Game/Enemies/LBController.LBController_C:ExecuteUbergraph_LBController
[2019.05.07-21.49.45:775][788]LogUObjectGlobals: Destroyed PersistentFrame Addr=0x000001dcc4499300, Size=128
[2019.05.07-21.49.45:775][788]LogUObjectGlobals: Created PersistentFrame Addr=0x000001dcc4499300, Size=128, Default__LBController_C Function /Engine/Transient.REINST_LBController_C_10:ExecuteUbergraph_LBController
[2019.05.07-21.49.45:778][788]LogUObjectGlobals: Created PersistentFrame Addr=0x000001dcc4498a80, Size=128, Default__LBController_C Function /Game/Enemies/LBController.LBController_C:ExecuteUbergraph_LBController
[2019.05.07-21.49.45:975][788]LogAIModule: Creating AISystem for world AITestMap
[2019.05.07-21.49.45:990][788]LogUObjectGlobals: Destroyed PersistentFrame Addr=0x000001dcc4499300, Size=128
[2019.05.07-21.49.45:990][788]LogUObjectGlobals: Destroyed PersistentFrame Addr=0x000001dcc448c608, Size=56
[2019.05.07-21.49.45:992][788]Cmd: MAP LOAD FILE="H:/GitHub/ScorchingNoMoarWarmPuns/Scorching_Cold_Mini/Content/Enemies/AITestMap.umap" TEMPLATE=0 SHOWPROGRESS=1 FEATURELEVEL=3
[2019.05.07-21.49.45:992][788]LightingResults: New page: Lighting Build
[2019.05.07-21.49.45:993][788]LoadErrors: New page: Loading map: AITestMap.umap
[2019.05.07-21.49.45:994][788]MapCheck: New page: Map Check
[2019.05.07-21.49.45:994][788]LightingResults: New page: Lighting Build
[2019.05.07-21.49.46:009][788]LogEditorServer: Finished looking for orphan Actors (0.000 secs)
[2019.05.07-21.49.46:045][788]Cmd: MAP CHECKDEP NOCLEARLOG
[2019.05.07-21.49.46:129][788]MapCheck: Map check complete: 0 Error(s), 0 Warning(s), took 84.581ms to complete.
[2019.05.07-21.49.46:129][788]LogFileHelpers: Loading map 'AITestMap' took 0.138
[2019.05.07-21.49.47:758][958]LogTemp: Repeating last play command: Selected Viewport
[2019.05.07-21.49.47:838][958]LogBlueprintUserMessages: Early PlayInEditor Detection: Level '/Game/Enemies/AITestMap.AITestMap:PersistentLevel' has LevelScriptBlueprint '/Game/Enemies/AITestMap.AITestMap:PersistentLevel.AITestMap' with GeneratedClass '/Game/Enemies/AITestMap.AITestMap_C' with ClassGeneratedBy '/Game/Enemies/AITestMap.AITestMap:PersistentLevel.AITestMap'
[2019.05.07-21.49.47:840][958]LogPlayLevel: PlayLevel: No blueprints needed recompiling
[2019.05.07-21.49.47:840][958]PIE: New page: PIE session: AITestMap (8/05/2019 9:49:47 pm)
[2019.05.07-21.49.47:840][958]LogPlayLevel: Creating play world package: /Game/Enemies/UEDPIE_0_AITestMap
[2019.05.07-21.49.47:867][958]LogPlayLevel: PIE: StaticDuplicateObject took: (0.026649s)
[2019.05.07-21.49.47:867][958]LogAIModule: Creating AISystem for world AITestMap
[2019.05.07-21.49.47:867][958]LogPlayLevel: PIE: World Init took: (0.000540s)
[2019.05.07-21.49.47:868][958]LogPlayLevel: PIE: Created PIE world by copying editor world from /Game/Enemies/AITestMap.AITestMap to /Game/Enemies/UEDPIE_0_AITestMap.AITestMap (0.027326s)
[2019.05.07-21.49.47:886][958]LogInit: XAudio2 using 'Speaker (Conexant HD Audio)' : 2 channels at 48 kHz using 32 bits per sample (channel mask 0x3)
[2019.05.07-21.49.47:891][958]LogInit: FAudioDevice initialized.
[2019.05.07-21.49.48:223][958]LogLoad: Game class is 'Scorching_Cold_MiniGameMode'
[2019.05.07-21.49.48:225][958]LogWorld: Bringing World /Game/Enemies/UEDPIE_0_AITestMap.AITestMap up for play (max tick rate 0) at 2019.05.08-09.49.48
[2019.05.07-21.49.48:226][958]LogWorld: Bringing up level for play took: 0.002317
[2019.05.07-21.49.48:254][958]LogContentBrowser: Native class hierarchy updated for 'MovieSceneCapture' in 0.0259 seconds. Added 11 classes and 0 folders.
[2019.05.07-21.49.48:255][958]PIE: Play in editor start time for /Game/Enemies/UEDPIE_0_AITestMap -0.226
[2019.05.07-21.49.48:255][958]LogBlueprintUserMessages: Late PlayInEditor Detection: Level '/Game/Enemies/AITestMap.AITestMap:PersistentLevel' has LevelScriptBlueprint '/Game/Enemies/AITestMap.AITestMap:PersistentLevel.AITestMap' with GeneratedClass '/Game/Enemies/AITestMap.AITestMap_C' with ClassGeneratedBy '/Game/Enemies/AITestMap.AITestMap:PersistentLevel.AITestMap'
[2019.05.07-21.49.48:257][958]LogBlueprintUserMessages: [LBController_C_1] Failed LB Cast
[2019.05.07-21.49.50:951][267]LogBlueprintUserMessages: [LBController_C_1] Failed LB Cast
[2019.05.07-21.50.01:394][520]LogBlueprintUserMessages: Early EndPlayMap Detection: Level '/Game/Enemies/AITestMap.AITestMap:PersistentLevel' has LevelScriptBlueprint '/Game/Enemies/AITestMap.AITestMap:PersistentLevel.AITestMap' with GeneratedClass '/Game/Enemies/AITestMap.AITestMap_C' with ClassGeneratedBy '/Game/Enemies/AITestMap.AITestMap:PersistentLevel.AITestMap'
[2019.05.07-21.50.01:425][520]LogBlueprintUserMessages: Late EndPlayMap Detection: Level '/Game/Enemies/AITestMap.AITestMap:PersistentLevel' has LevelScriptBlueprint '/Game/Enemies/AITestMap.AITestMap:PersistentLevel.AITestMap' with GeneratedClass '/Game/Enemies/AITestMap.AITestMap_C' with ClassGeneratedBy '/Game/Enemies/AITestMap.AITestMap:PersistentLevel.AITestMap'
[2019.05.07-21.50.06:542][131]LogSlate: FSceneViewport::OnFocusLost() reason 0
[2019.05.07-21.50.06:928][146]LogContentBrowser: Native class hierarchy updated for 'BlueprintGraph' in 0.0029 seconds. Added 116 classes and 0 folders.
[2019.05.07-21.50.07:170][146]LogUObjectGlobals: Created PersistentFrame Addr=0x000001dc8a740540, Size=4, Default__SKEL_PROTO_BP_AnimBlueprint_0_C Function /Engine/Transient.SKEL_PROTO_BP_AnimBlueprint_0_C:ExecuteUbergraph_PROTO_BP_AnimBlueprint_0
[2019.05.07-21.50.07:170][146]LogUObjectGlobals: Created PersistentFrame Addr=0x000001dc8a740538, Size=4, Default__PROTO_BP_AnimBlueprint_0_C Function /Engine/Transient.PROTO_BP_AnimBlueprint_0_C:ExecuteUbergraph_PROTO_BP_AnimBlueprint_0
[2019.05.07-21.50.07:586][146]LogSlate: Took 0.007664 seconds to synchronously load lazily loaded font '../../../Engine/Content/Slate/Fonts/Roboto-BoldCondensed.ttf' (158K)
[2019.05.07-21.50.18:370][413]LogSlate: Window 'Lizzardbeth' being destroyed
[2019.05.07-21.50.29:239][713]LogSlate: Took 0.022696 seconds to synchronously load lazily loaded font '../../../Engine/Content/Slate/Fonts/Roboto-Italic.ttf' (157K)
[2019.05.07-21.56.49:954][595]BlueprintLog: New page: Compile Lizzardbeth
[2019.05.07-21.56.52:865][886]LogTemp: Repeating last play command: Selected Viewport
[2019.05.07-21.56.52:897][886]LogBlueprintUserMessages: Early PlayInEditor Detection: Level '/Game/Enemies/AITestMap.AITestMap:PersistentLevel' has LevelScriptBlueprint '/Game/Enemies/AITestMap.AITestMap:PersistentLevel.AITestMap' with GeneratedClass '/Game/Enemies/AITestMap.AITestMap_C' with ClassGeneratedBy '/Game/Enemies/AITestMap.AITestMap:PersistentLevel.AITestMap'
[2019.05.07-21.56.52:900][886]LogPlayLevel: PlayLevel: No blueprints needed recompiling
[2019.05.07-21.56.52:900][886]PIE: New page: PIE session: AITestMap (8/05/2019 9:56:52 pm)
[2019.05.07-21.56.52:900][886]LogPlayLevel: Creating play world package: /Game/Enemies/UEDPIE_0_AITestMap
[2019.05.07-21.56.52:914][886]LogPlayLevel: PIE: StaticDuplicateObject took: (0.013417s)
[2019.05.07-21.56.52:915][886]LogAIModule: Creating AISystem for world AITestMap
[2019.05.07-21.56.52:915][886]LogPlayLevel: PIE: World Init took: (0.000622s)
[2019.05.07-21.56.52:915][886]LogPlayLevel: PIE: Created PIE world by copying editor world from /Game/Enemies/AITestMap.AITestMap to /Game/Enemies/UEDPIE_0_AITestMap.AITestMap (0.014179s)
[2019.05.07-21.56.52:943][886]LogInit: XAudio2 using 'Speaker (Conexant HD Audio)' : 2 channels at 48 kHz using 32 bits per sample (channel mask 0x3)
[2019.05.07-21.56.52:947][886]LogInit: FAudioDevice initialized.
[2019.05.07-21.56.52:980][886]LogLoad: Game class is 'Scorching_Cold_MiniGameMode'
[2019.05.07-21.56.52:982][886]LogWorld: Bringing World /Game/Enemies/UEDPIE_0_AITestMap.AITestMap up for play (max tick rate 0) at 2019.05.08-09.56.52
[2019.05.07-21.56.52:983][886]LogWorld: Bringing up level for play took: 0.002191
[2019.05.07-21.56.52:984][886]PIE: Play in editor start time for /Game/Enemies/UEDPIE_0_AITestMap 0.511
[2019.05.07-21.56.52:984][886]LogBlueprintUserMessages: Late PlayInEditor Detection: Level '/Game/Enemies/AITestMap.AITestMap:PersistentLevel' has LevelScriptBlueprint '/Game/Enemies/AITestMap.AITestMap:PersistentLevel.AITestMap' with GeneratedClass '/Game/Enemies/AITestMap.AITestMap_C' with ClassGeneratedBy '/Game/Enemies/AITestMap.AITestMap:PersistentLevel.AITestMap'
[2019.05.07-21.56.52:985][886]LogBlueprintUserMessages: [LBController_C_0] Failed LB Cast
[2019.05.07-21.56.55:848][227]LogBlueprintUserMessages: [LBController_C_0] Failed LB Cast
[2019.05.07-21.57.08:617][759]LogBlueprintUserMessages: Early EndPlayMap Detection: Level '/Game/Enemies/AITestMap.AITestMap:PersistentLevel' has LevelScriptBlueprint '/Game/Enemies/AITestMap.AITestMap:PersistentLevel.AITestMap' with GeneratedClass '/Game/Enemies/AITestMap.AITestMap_C' with ClassGeneratedBy '/Game/Enemies/AITestMap.AITestMap:PersistentLevel.AITestMap'
[2019.05.07-21.57.08:651][759]LogBlueprintUserMessages: Late EndPlayMap Detection: Level '/Game/Enemies/AITestMap.AITestMap:PersistentLevel' has LevelScriptBlueprint '/Game/Enemies/AITestMap.AITestMap:PersistentLevel.AITestMap' with GeneratedClass '/Game/Enemies/AITestMap.AITestMap_C' with ClassGeneratedBy '/Game/Enemies/AITestMap.AITestMap:PersistentLevel.AITestMap'
[2019.05.07-21.57.09:740][886]LogSlate: FSceneViewport::OnFocusLost() reason 0
